[debug] [2021-11-30T21:00:59.163Z] ----------------------------------------------------------------------
[debug] [2021-11-30T21:00:59.166Z] Command:       C:\Program Files\nodejs\node.exe C:\Users\maswend\AppData\Roaming\npm\node_modules\firebase-tools\lib\bin\firebase.js init
[debug] [2021-11-30T21:00:59.166Z] CLI Version:   9.23.0
[debug] [2021-11-30T21:00:59.166Z] Platform:      win32
[debug] [2021-11-30T21:00:59.166Z] Node Version:  v12.13.0
[debug] [2021-11-30T21:00:59.168Z] Time:          Wed Dec 01 2021 04:00:59 GMT+0700 (GMT+07:00)
[debug] [2021-11-30T21:00:59.168Z] ----------------------------------------------------------------------
[debug] 
[debug] [2021-11-30T21:00:59.230Z] > command requires scopes: ["email","openid","https://www.googleapis.com/auth/cloudplatformprojects.readonly","https://www.googleapis.com/auth/firebase","https://www.googleapis.com/auth/cloud-platform"]
[debug] [2021-11-30T21:00:59.231Z] > authorizing via signed-in user (maswend.2020@gmail.com)
[info] 
     ######## #### ########  ######## ########     ###     ######  ########
     ##        ##  ##     ## ##       ##     ##  ##   ##  ##       ##
     ######    ##  ########  ######   ########  #########  ######  ######
     ##        ##  ##    ##  ##       ##     ## ##     ##       ## ##
     ##       #### ##     ## ######## ########  ##     ##  ######  ########

You're about to initialize a Firebase project in this directory:

  C:\projek\REACT APP BUILDER\Builder

Before we get started, keep in mind:

  * You are currently outside your home directory
  * You are initializing within an existing Firebase project directory

